Using pre-set license
Built from '2020.3/release' branch; Version is '2020.3.12f1 (b3b2c6512326) revision 11776710'; Using compiler version '192528614'; Build Type 'Release'
OS: 'Windows 10 Home; OS build 19043.1348; Version 2009; 64bit' Language: 'de' Physical Memory: 8136 MB
BatchMode: 1, IsHumanControllingUs: 0, StartBugReporterOnCrash: 0, Is64bit: 1, IsPro: 0

 COMMAND LINE ARGUMENTS:
C:\Program Files\Unity\Hub\Editor\2020.3.12f1\Editor\Unity.exe
-adb2
-batchMode
-noUpm
-name
AssetImportWorker3
-projectPath
E:/0000Schule/20210919_SUNDAY_PRE/PREProjekt/COOLESGAME/COOLESGAMEProjekt
-logFile
Logs/AssetImportWorker3.log
-srvPort
51000
Successfully changed project path to: E:/0000Schule/20210919_SUNDAY_PRE/PREProjekt/COOLESGAME/COOLESGAMEProjekt
E:/0000Schule/20210919_SUNDAY_PRE/PREProjekt/COOLESGAME/COOLESGAMEProjekt
Using Asset Import Pipeline V2.
Refreshing native plugins compatible for Editor in 295.71 ms, found 2 plugins.
Preloading 0 native plugins for Editor in 0.00 ms.
Initialize engine version: 2020.3.12f1 (b3b2c6512326)
[Subsystems] Discovering subsystems at path C:/Program Files/Unity/Hub/Editor/2020.3.12f1/Editor/Data/Resources/UnitySubsystems
[Subsystems] Discovering subsystems at path E:/0000Schule/20210919_SUNDAY_PRE/PREProjekt/COOLESGAME/COOLESGAMEProjekt/Assets
GfxDevice: creating device client; threaded=0
Direct3D:
    Version:  Direct3D 11.0 [level 11.1]
    Renderer: NVIDIA GeForce GTX 1060 6GB (ID=0x1c03)
    Vendor:   
    VRAM:     6052 MB
    Driver:   30.0.14.9649
Shader 'Universal Render Pipeline/Particles/Lit': fallback shader 'Universal Render Pipeline/Particles/SimpleLit' not found
Initialize mono
Mono path[0] = 'C:/Program Files/Unity/Hub/Editor/2020.3.12f1/Editor/Data/Managed'
Mono path[1] = 'C:/Program Files/Unity/Hub/Editor/2020.3.12f1/Editor/Data/MonoBleedingEdge/lib/mono/unityjit'
Mono config path = 'C:/Program Files/Unity/Hub/Editor/2020.3.12f1/Editor/Data/MonoBleedingEdge/etc'
Using monoOptions --debugger-agent=transport=dt_socket,embedding=1,server=y,suspend=n,address=127.0.0.1:56448
Begin MonoManager ReloadAssembly
Registering precompiled unity dll's ...
Register platform support module: C:/Program Files/Unity/Hub/Editor/2020.3.12f1/Editor/Data/PlaybackEngines/WebGLSupport/UnityEditor.WebGL.Extensions.dll
Register platform support module: C:/Program Files/Unity/Hub/Editor/2020.3.12f1/Editor/Data/PlaybackEngines/WindowsStandaloneSupport/UnityEditor.WindowsStandalone.Extensions.dll
Registered in 0.014923 seconds.
Native extension for WindowsStandalone target not found
Native extension for WebGL target not found
Refreshing native plugins compatible for Editor in 232.95 ms, found 2 plugins.
Preloading 0 native plugins for Editor in 0.00 ms.
Mono: successfully reloaded assembly
- Completed reload, in  3.390 seconds
Platform modules already initialized, skipping
Registering precompiled user dll's ...
Registered in 0.009722 seconds.
Begin MonoManager ReloadAssembly
Native extension for WindowsStandalone target not found
Native extension for WebGL target not found
Refreshing native plugins compatible for Editor in 150.45 ms, found 2 plugins.
Preloading 0 native plugins for Editor in 0.00 ms.
Mono: successfully reloaded assembly
- Completed reload, in  6.817 seconds
Platform modules already initialized, skipping
========================================================================
Worker process is ready to serve import requests
Shader 'Universal Render Pipeline/Particles/Lit': fallback shader 'Universal Render Pipeline/Particles/SimpleLit' not found
Launched and connected shader compiler UnityShaderCompiler.exe after 0.55 seconds
Refreshing native plugins compatible for Editor in 1.49 ms, found 2 plugins.
Preloading 0 native plugins for Editor in 0.00 ms.
Unloading 4104 Unused Serialized files (Serialized files now loaded: 0)
System memory in use before: 285.9 MB.
System memory in use after: 283.6 MB.

Unloading 49 unused Assets to reduce memory usage. Loaded Objects now: 4538.
Total: 10.466700 ms (FindLiveObjects: 0.560900 ms CreateObjectMapping: 0.342400 ms MarkObjects: 7.887600 ms  DeleteObjects: 1.673800 ms)

AssetImportParameters requested are different than current active one (requested -> active):
  custom:framework-win-MediaFoundation: 216162199b28c13a410421893ffa2e32 -> 
  custom:video-decoder-ogg-theora: a1e56fd34408186e4bbccfd4996cb3dc -> 
  custom:container-muxer-webm: aa71ff27fc2769a1b78a27578f13a17b -> 
  custom:container-demuxer-webm: 4f35f7cbe854078d1ac9338744f61a02 -> 
  custom:container-demuxer-ogg: 62fdf1f143b41e24485cea50d1cbac27 -> 
  custom:video-encoder-webm-vp8: eb34c28f22e8b96e1ab97ce403110664 -> 
  custom:video-decoder-webm-vp8: 9c59270c3fd7afecdb556c50c9e8de78 -> 
  custom:audio-decoder-ogg-vorbis: bf7c407c2cedff20999df2af8eb42d56 -> 
  custom:audio-encoder-webm-vorbis: bf7c407c2cedff20999df2af8eb42d56 -> 
========================================================================
Received Import Request.
  path: Assets/FremdesZeugs/EffectExamples/Magic Effects/Models/RockDebris.FBX
  artifactKey: Guid(88b9906b4442aa2448a9379fa0d1b987) Importer(815301076,1909f56bfc062723c751e8b465ee728b)
Start importing Assets/FremdesZeugs/EffectExamples/Magic Effects/Models/RockDebris.FBX using Guid(88b9906b4442aa2448a9379fa0d1b987) Importer(815301076,1909f56bfc062723c751e8b465ee728b)  -> (artifact id: 'c99ecd5356aa31b4fed6bd441bb576f9') in 1.991024 seconds 
  Import took 2.061032 seconds .

========================================================================
Received Import Request.
  Time since last request: 0.000575 seconds.
  path: Assets/Graphics/3DModels/Character01/Rigedold/Weißichnicht/Character1.obj
  artifactKey: Guid(3a9f8f782f56bed458d84f42382d4b64) Importer(815301076,1909f56bfc062723c751e8b465ee728b)
Start importing Assets/Graphics/3DModels/Character01/Rigedold/Weißichnicht/Character1.obj using Guid(3a9f8f782f56bed458d84f42382d4b64) Importer(815301076,1909f56bfc062723c751e8b465ee728b)  -> (artifact id: 'cb5c74d5e0ccf17e258b23eaf5cfdb88') in 0.420868 seconds 
  Import took 0.456021 seconds .

========================================================================
Received Import Request.
  Time since last request: 0.000237 seconds.
  path: Assets/Graphics/3DModels/Players/Player1/Player1.fbx
  artifactKey: Guid(56f5c5fd62da6b84295a8d4538133e9d) Importer(815301076,1909f56bfc062723c751e8b465ee728b)
Start importing Assets/Graphics/3DModels/Players/Player1/Player1.fbx using Guid(56f5c5fd62da6b84295a8d4538133e9d) Importer(815301076,1909f56bfc062723c751e8b465ee728b)  -> (artifact id: '27e8fbf64c8c5dede33ce635a8dda073') in 0.247850 seconds 
  Import took 0.327687 seconds .

========================================================================
Received Import Request.
  Time since last request: 0.000355 seconds.
  path: Assets/Graphics/3DModels/Character01/Rigedold/Character1.blend
  artifactKey: Guid(65b5a84cd8ab5764c84473789f0210ab) Importer(815301076,1909f56bfc062723c751e8b465ee728b)
Start importing Assets/Graphics/3DModels/Character01/Rigedold/Character1.blend using Guid(65b5a84cd8ab5764c84473789f0210ab) Importer(815301076,1909f56bfc062723c751e8b465ee728b)  -> (artifact id: 'af8a8ea21fa7f09545f6b7ebf31e955e') in 0.217627 seconds 
  Import took 0.315394 seconds .

========================================================================
Received Import Request.
  Time since last request: 0.000230 seconds.
  path: Assets/FremdesZeugs/EffectExamples/Smoke & Steam Effects/Models/RockDebris.FBX
  artifactKey: Guid(ec280bbfbd0550743b1e477c9d48abdf) Importer(815301076,1909f56bfc062723c751e8b465ee728b)
Start importing Assets/FremdesZeugs/EffectExamples/Smoke & Steam Effects/Models/RockDebris.FBX using Guid(ec280bbfbd0550743b1e477c9d48abdf) Importer(815301076,1909f56bfc062723c751e8b465ee728b)  -> (artifact id: 'dc819defe7493ef66da785f6e0b3bb3a') in 0.126508 seconds 
  Import took 0.169061 seconds .

========================================================================
Received Import Request.
  Time since last request: 0.000230 seconds.
  path: Assets/Graphics/3DModels/Character01/Rigedold/wack/RigedCharacter/WithoutRig/Character1.obj
  artifactKey: Guid(ab1f14ce28591d14c97f7adf72c97ffe) Importer(815301076,1909f56bfc062723c751e8b465ee728b)
Start importing Assets/Graphics/3DModels/Character01/Rigedold/wack/RigedCharacter/WithoutRig/Character1.obj using Guid(ab1f14ce28591d14c97f7adf72c97ffe) Importer(815301076,1909f56bfc062723c751e8b465ee728b)  -> (artifact id: 'e556001e8aeb64bb2b730acedbb1ea5a') in 0.170236 seconds 
  Import took 0.282840 seconds .

========================================================================
Received Import Request.
  Time since last request: 0.000384 seconds.
  path: Assets/FremdesZeugs/EffectExamples/Magic Effects/Models/RockSpike.FBX
  artifactKey: Guid(b8ba9cfb9857cfb47a50aeba9dbce801) Importer(815301076,1909f56bfc062723c751e8b465ee728b)
Start importing Assets/FremdesZeugs/EffectExamples/Magic Effects/Models/RockSpike.FBX using Guid(b8ba9cfb9857cfb47a50aeba9dbce801) Importer(815301076,1909f56bfc062723c751e8b465ee728b)  -> (artifact id: '105b7dc5180c67345059b9b1ad70becc') in 0.508398 seconds 
  Import took 0.583698 seconds .

========================================================================
Received Prepare
Registering precompiled user dll's ...
Registered in 0.048986 seconds.
Begin MonoManager ReloadAssembly
Native extension for WindowsStandalone target not found
Native extension for WebGL target not found
Refreshing native plugins compatible for Editor in 0.91 ms, found 2 plugins.
Preloading 0 native plugins for Editor in 0.00 ms.
Mono: successfully reloaded assembly
- Completed reload, in  3.432 seconds
Platform modules already initialized, skipping
Shader 'Universal Render Pipeline/Particles/Lit': fallback shader 'Universal Render Pipeline/Particles/SimpleLit' not found
Refreshing native plugins compatible for Editor in 0.85 ms, found 2 plugins.
Preloading 0 native plugins for Editor in 0.00 ms.
Unloading 3952 Unused Serialized files (Serialized files now loaded: 0)
System memory in use before: 294.1 MB.
System memory in use after: 291.6 MB.

Unloading 45 unused Assets to reduce memory usage. Loaded Objects now: 4623.
Total: 11.611200 ms (FindLiveObjects: 0.720800 ms CreateObjectMapping: 1.072800 ms MarkObjects: 7.822200 ms  DeleteObjects: 1.993100 ms)

AssetImportParameters requested are different than current active one (requested -> active):
  custom:framework-win-MediaFoundation: 216162199b28c13a410421893ffa2e32 -> 
  custom:video-decoder-ogg-theora: a1e56fd34408186e4bbccfd4996cb3dc -> 
  custom:container-muxer-webm: aa71ff27fc2769a1b78a27578f13a17b -> 
  custom:container-demuxer-webm: 4f35f7cbe854078d1ac9338744f61a02 -> 
  custom:container-demuxer-ogg: 62fdf1f143b41e24485cea50d1cbac27 -> 
  custom:video-encoder-webm-vp8: eb34c28f22e8b96e1ab97ce403110664 -> 
  custom:video-decoder-webm-vp8: 9c59270c3fd7afecdb556c50c9e8de78 -> 
  custom:audio-decoder-ogg-vorbis: bf7c407c2cedff20999df2af8eb42d56 -> 
  custom:audio-encoder-webm-vorbis: bf7c407c2cedff20999df2af8eb42d56 -> 
========================================================================
Received Import Request.
  Time since last request: 227.433206 seconds.
  path: Assets/Graphics/Animation/Character/Player1.controller
  artifactKey: Guid(56e4efb7c2e4e8547ad0a50087e7d9e4) Importer(815301076,1909f56bfc062723c751e8b465ee728b)
Start importing Assets/Graphics/Animation/Character/Player1.controller using Guid(56e4efb7c2e4e8547ad0a50087e7d9e4) Importer(815301076,1909f56bfc062723c751e8b465ee728b)  -> (artifact id: '193aa8515c673460548cd15a8b9cc8d6') in 0.850178 seconds 
  Import took 1.053368 seconds .

========================================================================
Received Import Request.
  Time since last request: 0.000489 seconds.
  path: Assets/Graphics/Animation/Character/Idle/ybot@Breathing Idle.fbx
  artifactKey: Guid(89b646ac028a9534b832a4b2126f0eab) Importer(815301076,1909f56bfc062723c751e8b465ee728b)
Start importing Assets/Graphics/Animation/Character/Idle/ybot@Breathing Idle.fbx using Guid(89b646ac028a9534b832a4b2126f0eab) Importer(815301076,1909f56bfc062723c751e8b465ee728b)  -> (artifact id: 'df25d5eb29c0986703706a1ce08787ab') in 0.104639 seconds 
  Import took 0.196504 seconds .

========================================================================
Received Prepare
Registering precompiled user dll's ...
Registered in 0.122057 seconds.
Begin MonoManager ReloadAssembly
Native extension for WindowsStandalone target not found
Native extension for WebGL target not found
Refreshing native plugins compatible for Editor in 0.98 ms, found 2 plugins.
Preloading 0 native plugins for Editor in 0.00 ms.
Mono: successfully reloaded assembly
- Completed reload, in  1.910 seconds
Platform modules already initialized, skipping
Shader 'Universal Render Pipeline/Particles/Lit': fallback shader 'Universal Render Pipeline/Particles/SimpleLit' not found
Refreshing native plugins compatible for Editor in 0.97 ms, found 2 plugins.
Preloading 0 native plugins for Editor in 0.00 ms.
Unloading 3952 Unused Serialized files (Serialized files now loaded: 0)
System memory in use before: 294.2 MB.
System memory in use after: 291.7 MB.

Unloading 45 unused Assets to reduce memory usage. Loaded Objects now: 4626.
Total: 19.849200 ms (FindLiveObjects: 1.154800 ms CreateObjectMapping: 0.755400 ms MarkObjects: 13.669100 ms  DeleteObjects: 4.266500 ms)

AssetImportParameters requested are different than current active one (requested -> active):
  custom:framework-win-MediaFoundation: 216162199b28c13a410421893ffa2e32 -> 
  custom:video-decoder-ogg-theora: a1e56fd34408186e4bbccfd4996cb3dc -> 
  custom:container-muxer-webm: aa71ff27fc2769a1b78a27578f13a17b -> 
  custom:container-demuxer-webm: 4f35f7cbe854078d1ac9338744f61a02 -> 
  custom:container-demuxer-ogg: 62fdf1f143b41e24485cea50d1cbac27 -> 
  custom:video-encoder-webm-vp8: eb34c28f22e8b96e1ab97ce403110664 -> 
  custom:video-decoder-webm-vp8: 9c59270c3fd7afecdb556c50c9e8de78 -> 
  custom:audio-decoder-ogg-vorbis: bf7c407c2cedff20999df2af8eb42d56 -> 
  custom:audio-encoder-webm-vorbis: bf7c407c2cedff20999df2af8eb42d56 -> 
========================================================================
Received Prepare
Registering precompiled user dll's ...
Registered in 0.362466 seconds.
Begin MonoManager ReloadAssembly
Native extension for WindowsStandalone target not found
Native extension for WebGL target not found
Refreshing native plugins compatible for Editor in 2.04 ms, found 2 plugins.
Preloading 0 native plugins for Editor in 0.00 ms.
Mono: successfully reloaded assembly
- Completed reload, in  8.893 seconds
Platform modules already initialized, skipping
Shader 'Universal Render Pipeline/Particles/Lit': fallback shader 'Universal Render Pipeline/Particles/SimpleLit' not found
Refreshing native plugins compatible for Editor in 0.80 ms, found 2 plugins.
Preloading 0 native plugins for Editor in 0.00 ms.
Unloading 3952 Unused Serialized files (Serialized files now loaded: 0)
System memory in use before: 294.2 MB.
System memory in use after: 291.8 MB.

Unloading 45 unused Assets to reduce memory usage. Loaded Objects now: 4629.
Total: 6.641900 ms (FindLiveObjects: 0.648500 ms CreateObjectMapping: 0.451800 ms MarkObjects: 4.010200 ms  DeleteObjects: 1.529400 ms)

AssetImportParameters requested are different than current active one (requested -> active):
  custom:framework-win-MediaFoundation: 216162199b28c13a410421893ffa2e32 -> 
  custom:video-decoder-ogg-theora: a1e56fd34408186e4bbccfd4996cb3dc -> 
  custom:container-muxer-webm: aa71ff27fc2769a1b78a27578f13a17b -> 
  custom:container-demuxer-webm: 4f35f7cbe854078d1ac9338744f61a02 -> 
  custom:container-demuxer-ogg: 62fdf1f143b41e24485cea50d1cbac27 -> 
  custom:video-encoder-webm-vp8: eb34c28f22e8b96e1ab97ce403110664 -> 
  custom:video-decoder-webm-vp8: 9c59270c3fd7afecdb556c50c9e8de78 -> 
  custom:audio-decoder-ogg-vorbis: bf7c407c2cedff20999df2af8eb42d56 -> 
  custom:audio-encoder-webm-vorbis: bf7c407c2cedff20999df2af8eb42d56 -> 
========================================================================
Received Import Request.
  Time since last request: 658.514565 seconds.
  path: Assets/Graphics/Shader/CheckPointPapier/CheckPointPapier.shadergraph
  artifactKey: Guid(40d6df42bc4e78a488f41824d55d87f0) Importer(815301076,1909f56bfc062723c751e8b465ee728b)
Start importing Assets/Graphics/Shader/CheckPointPapier/CheckPointPapier.shadergraph using Guid(40d6df42bc4e78a488f41824d55d87f0) Importer(815301076,1909f56bfc062723c751e8b465ee728b)  -> (artifact id: 'ac188517ef7767508263f9e4d7a3b515') in 0.414882 seconds 
  Import took 0.486911 seconds .

